2018-06-19 debugging:

findTile()-----------------------------
 - relRect = HRect (0,0) to (20, 20)
 - searchpos= 608,1987


    findTile()---------------------------
 current RECT:
   absStart->abs_iso_y = 0
   absStart->abs_iso_x = 0
   absStart->rows = 20
   absStart->cols = 20
   absStart->abs_iso_y + rows = 20
   absStart->abs_iso_x + cols = 20
   - insideXpixels: hrect.leftBound = 1180    vs   pxPos.x= 1987 vs  hrect.rightBound= 2524
 Yes.
   - insideYpixels: hrect.topBound = 532    vs   pxPos.y= 608 vs  hrect.bottomBound= 1204
 Yes.
   - nrTiles: 400

   We divide up current relrect to these new 4 squares:
    sq0: HRect (0,0) to (10, 10)
         sq1: HRect (0,11) to (10, 19)
    sq2: HRect (11,0) to (19, 10)
         sq3: HRect (11,11) to (19, 19)


    -sq0 findTile()---------------------------
 current RECT:
    absStart->abs_iso_y = 0
    absStart->abs_iso_x = 0
    absStart->rows = 10
    absStart->cols = 10
    absStart->abs_iso_y + rows = 10
    absStart->abs_iso_x + cols = 10
    - insideXpixels: hrect.leftBound = 1500    vs   pxPos.x= 1987 vs  hrect.rightBound= 2204
 Yes.
    - insideYpixels: hrect.topBound = 532    vs   pxPos.y= 608 vs  hrect.bottomBound= 884
 Yes.
    - nrTiles: 100

    We divide up current relrect to these new 4 squares:
     sq0: HRect (0,0) to (4, 4)
          sq1: HRect (0,5) to (4, 10)
     sq2: HRect (5,0) to (10, 4)
          sq3: HRect (5,5) to (10, 10)


      -sq0-sq0 findTile()---------------------------
 current RECT:
      absStart->abs_iso_y = 0
      absStart->abs_iso_x = 0
      absStart->rows = 4
      absStart->cols = 4
      absStart->abs_iso_y + rows = 4
      absStart->abs_iso_x + cols = 4
      - insideXpixels: hrect.leftBound = 1692    vs   pxPos.x= 1987 vs  hrect.rightBound= 2012
 Yes.
      - insideYpixels: hrect.topBound = 532    vs   pxPos.y= 608 vs  hrect.bottomBound= 692
 Yes.
      - nrTiles: 16



      bruteForceFindTile()------------
       - Current Tile: (0,0)
       - Current Tile: (0,1)
       - Current Tile: (0,2)
       - Current Tile: (0,3)
       - Current Tile: (1,0)
       - Current Tile: (1,1)
       - Current Tile: (1,2)
       - Current Tile: (1,3)
       - Current Tile: (2,0)
       - Current Tile: (2,1)
       - Current Tile: (2,2)
       - Current Tile: (2,3)
       - Current Tile: (3,0)
       - Current Tile: (3,1)
       - Current Tile: (3,2)
       - Current Tile: (3,3)


       -sq0-sq1 findTile()---------------------------
 current RECT:
       absStart->abs_iso_y = 0
       absStart->abs_iso_x = 5
       absStart->rows = 4
       absStart->cols = 5
       absStart->abs_iso_y + rows = 4
       absStart->abs_iso_x + cols = 10
       - insideXpixels: hrect.leftBound = 1692    vs   pxPos.x= 1987 vs  hrect.rightBound= 2044
 Yes.
       - insideYpixels: hrect.topBound = 532    vs   pxPos.y= 608 vs  hrect.bottomBound= 708
 Yes.
       - nrTiles: 20

       We divide up current relrect to these new 4 squares:
        sq0: HRect (0,5) to (2, 7)
             sq1: HRect (0,8) to (2, 8)
        sq2: HRect (3,5) to (3, 2)
             sq3: HRect (3,8) to (3, 3)


           -sq0-sq1-sq0 findTile()---------------------------
 current RECT:
           absStart->abs_iso_y = 0
           absStart->abs_iso_x = 5
           absStart->rows = 2
           absStart->cols = 2
           absStart->abs_iso_y + rows = 2
           absStart->abs_iso_x + cols = 7
           - insideXpixels: hrect.leftBound = 1756    vs   pxPos.x= 1987 vs  hrect.rightBound= 1948
 No.


            -sq0-sq1-sq1 findTile()---------------------------
 current RECT:
            absStart->abs_iso_y = 0
            absStart->abs_iso_x = 8
            absStart->rows = 2
            absStart->cols = 0
            absStart->abs_iso_y + rows = 2
            absStart->abs_iso_x + cols = 8
            - insideXpixels: hrect.leftBound = 1756    vs   pxPos.x= 1987 vs  hrect.rightBound= 1884
 No.


             -sq0-sq1-sq2 findTile()---------------------------
 current RECT:
             absStart->abs_iso_y = 3
             absStart->abs_iso_x = 5
             absStart->rows = 0
             absStart->cols = -3
             absStart->abs_iso_y + rows = 3
             absStart->abs_iso_x + cols = 2
             - insideXpixels: hrect.leftBound = 1820    vs   pxPos.x= 1987 vs  hrect.rightBound= 1820
 No.


              -sq0-sq1-sq3 findTile()---------------------------
 current RECT:
              absStart->abs_iso_y = 3
              absStart->abs_iso_x = 8
              absStart->rows = 0
              absStart->cols = -5
              absStart->abs_iso_y + rows = 3
              absStart->abs_iso_x + cols = 3
              - insideXpixels: hrect.leftBound = 1820    vs   pxPos.x= 1987 vs  hrect.rightBound= 1820
 No.


        -sq0-sq2 findTile()---------------------------
 current RECT:
        absStart->abs_iso_y = 5
        absStart->abs_iso_x = 0
        absStart->rows = 5
        absStart->cols = 4
        absStart->abs_iso_y + rows = 10
        absStart->abs_iso_x + cols = 4
        - insideXpixels: hrect.leftBound = 1660    vs   pxPos.x= 1987 vs  hrect.rightBound= 2012
 Yes.
        - insideYpixels: hrect.topBound = 532    vs   pxPos.y= 608 vs  hrect.bottomBound= 708
 Yes.
        - nrTiles: 20

        We divide up current relrect to these new 4 squares:
         sq0: HRect (5,0) to (7, 2)
              sq1: HRect (5,3) to (7, 3)
         sq2: HRect (3,0) to (8, 2)
              sq3: HRect (3,3) to (8, 3)


             -sq0-sq2-sq0 findTile()---------------------------
 current RECT:
             absStart->abs_iso_y = 5
             absStart->abs_iso_x = 0
             absStart->rows = 2
             absStart->cols = 2
             absStart->abs_iso_y + rows = 7
             absStart->abs_iso_x + cols = 2
             - insideXpixels: hrect.leftBound = 1756    vs   pxPos.x= 1987 vs  hrect.rightBound= 1948
 No.


              -sq0-sq2-sq1 findTile()---------------------------
 current RECT:
              absStart->abs_iso_y = 5
              absStart->abs_iso_x = 3
              absStart->rows = 2
              absStart->cols = 0
              absStart->abs_iso_y + rows = 7
              absStart->abs_iso_x + cols = 3
              - insideXpixels: hrect.leftBound = 1756    vs   pxPos.x= 1987 vs  hrect.rightBound= 1884
 No.


               -sq0-sq2-sq2 findTile()---------------------------
 current RECT:
               absStart->abs_iso_y = 3
               absStart->abs_iso_x = 0
               absStart->rows = 5
               absStart->cols = 2
               absStart->abs_iso_y + rows = 8
               absStart->abs_iso_x + cols = 2
               - insideXpixels: hrect.leftBound = 1660    vs   pxPos.x= 1987 vs  hrect.rightBound= 1948
 No.


                -sq0-sq2-sq3 findTile()---------------------------
 current RECT:
                absStart->abs_iso_y = 3
                absStart->abs_iso_x = 3
                absStart->rows = 5
                absStart->cols = 0
                absStart->abs_iso_y + rows = 8
                absStart->abs_iso_x + cols = 3
                - insideXpixels: hrect.leftBound = 1660    vs   pxPos.x= 1987 vs  hrect.rightBound= 1884
 No.


         -sq0-sq3 findTile()---------------------------
 current RECT:
         absStart->abs_iso_y = 5
         absStart->abs_iso_x = 5
         absStart->rows = 5
         absStart->cols = 5
         absStart->abs_iso_y + rows = 10
         absStart->abs_iso_x + cols = 10
         - insideXpixels: hrect.leftBound = 1660    vs   pxPos.x= 1987 vs  hrect.rightBound= 2044
 Yes.
         - insideYpixels: hrect.topBound = 532    vs   pxPos.y= 608 vs  hrect.bottomBound= 724
 Yes.
         - nrTiles: 25

         We divide up current relrect to these new 4 squares:
          sq0: HRect (5,5) to (7, 7)
               sq1: HRect (5,8) to (7, 8)
          sq2: HRect (3,5) to (8, 2)
               sq3: HRect (3,8) to (8, 3)


               -sq0-sq3-sq0 findTile()---------------------------
 current RECT:
               absStart->abs_iso_y = 5
               absStart->abs_iso_x = 5
               absStart->rows = 2
               absStart->cols = 2
               absStart->abs_iso_y + rows = 7
               absStart->abs_iso_x + cols = 7
               - insideXpixels: hrect.leftBound = 1756    vs   pxPos.x= 1987 vs  hrect.rightBound= 1948
 No.


                -sq0-sq3-sq1 findTile()---------------------------
 current RECT:
                absStart->abs_iso_y = 5
                absStart->abs_iso_x = 8
                absStart->rows = 2
                absStart->cols = 0
                absStart->abs_iso_y + rows = 7
                absStart->abs_iso_x + cols = 8
                - insideXpixels: hrect.leftBound = 1756    vs   pxPos.x= 1987 vs  hrect.rightBound= 1884
 No.


                 -sq0-sq3-sq2 findTile()---------------------------
 current RECT:
                 absStart->abs_iso_y = 3
                 absStart->abs_iso_x = 5
                 absStart->rows = 5
                 absStart->cols = -3
                 absStart->abs_iso_y + rows = 8
                 absStart->abs_iso_x + cols = 2
                 - insideXpixels: hrect.leftBound = 1820    vs   pxPos.x= 1987 vs  hrect.rightBound= 1820
 No.


                  -sq0-sq3-sq3 findTile()---------------------------
 current RECT:
                  absStart->abs_iso_y = 3
                  absStart->abs_iso_x = 8
                  absStart->rows = 5
                  absStart->cols = -5
                  absStart->abs_iso_y + rows = 8
                  absStart->abs_iso_x + cols = 3
                  - insideXpixels: hrect.leftBound = 1820    vs   pxPos.x= 1987 vs  hrect.rightBound= 1820
 No.


 
 
 
 
 
 
 
 
 
 
 
 
 
 
 
 
 
 
 
 
 
 
 
 
 
 
 
 
     -sq1 findTile()---------------------------
 current RECT:
     absStart->abs_iso_y = 0
     absStart->abs_iso_x = 11
     absStart->rows = 10
     absStart->cols = 8
     absStart->abs_iso_y + rows = 10
     absStart->abs_iso_x + cols = 19
     - insideXpixels: hrect.leftBound = 1500    vs   pxPos.x= 1987 vs  hrect.rightBound= 2140
 Yes.
     - insideYpixels: hrect.topBound = 532    vs   pxPos.y= 608 vs  hrect.bottomBound= 852
 Yes.
     - nrTiles: 80

     We divide up current relrect to these new 4 squares:
      sq0: HRect (0,11) to (4, 15)
           sq1: HRect (0,16) to (4, 18)
      sq2: HRect (5,11) to (10, 4)
           sq3: HRect (5,16) to (10, 7)


        -sq1-sq0 findTile()---------------------------
 current RECT:
        absStart->abs_iso_y = 0
        absStart->abs_iso_x = 11
        absStart->rows = 4
        absStart->cols = 4
        absStart->abs_iso_y + rows = 4
        absStart->abs_iso_x + cols = 15
        - insideXpixels: hrect.leftBound = 1692    vs   pxPos.x= 1987 vs  hrect.rightBound= 2012
 Yes.
        - insideYpixels: hrect.topBound = 532    vs   pxPos.y= 608 vs  hrect.bottomBound= 692
 Yes.
        - nrTiles: 16



        bruteForceFindTile()------------
         - Current Tile: (0,11)
         - Current Tile: (0,12)
         - Current Tile: (0,13)
         - Current Tile: (0,14)
         - Current Tile: (1,11)
         - Current Tile: (1,12)
         - Current Tile: (1,13)
         - Current Tile: (1,14)
         - Current Tile: (2,11)
         - Current Tile: (2,12)
         - Current Tile: (2,13)
         - Current Tile: (2,14)
         - Current Tile: (3,11)
         - Current Tile: (3,12)
         - Current Tile: (3,13)
         - Current Tile: (3,14)


         -sq1-sq1 findTile()---------------------------
 current RECT:
         absStart->abs_iso_y = 0
         absStart->abs_iso_x = 16
         absStart->rows = 4
         absStart->cols = 2
         absStart->abs_iso_y + rows = 4
         absStart->abs_iso_x + cols = 18
         - insideXpixels: hrect.leftBound = 1692    vs   pxPos.x= 1987 vs  hrect.rightBound= 1948
 No.


          -sq1-sq2 findTile()---------------------------
 current RECT:
          absStart->abs_iso_y = 5
          absStart->abs_iso_x = 11
          absStart->rows = 5
          absStart->cols = -7
          absStart->abs_iso_y + rows = 10
          absStart->abs_iso_x + cols = 4
          - insideXpixels: hrect.leftBound = 1820    vs   pxPos.x= 1987 vs  hrect.rightBound= 1820
 No.


           -sq1-sq3 findTile()---------------------------
 current RECT:
           absStart->abs_iso_y = 5
           absStart->abs_iso_x = 16
           absStart->rows = 5
           absStart->cols = -9
           absStart->abs_iso_y + rows = 10
           absStart->abs_iso_x + cols = 7
           - insideXpixels: hrect.leftBound = 1820    vs   pxPos.x= 1987 vs  hrect.rightBound= 1820
 No.


      -sq2 findTile()---------------------------
 current RECT:
      absStart->abs_iso_y = 11
      absStart->abs_iso_x = 0
      absStart->rows = 8
      absStart->cols = 10
      absStart->abs_iso_y + rows = 19
      absStart->abs_iso_x + cols = 10
      - insideXpixels: hrect.leftBound = 1564    vs   pxPos.x= 1987 vs  hrect.rightBound= 2204
 Yes.
      - insideYpixels: hrect.topBound = 532    vs   pxPos.y= 608 vs  hrect.bottomBound= 852
 Yes.
      - nrTiles: 80

      We divide up current relrect to these new 4 squares:
       sq0: HRect (11,0) to (15, 4)
            sq1: HRect (11,5) to (15, 8)
       sq2: HRect (5,0) to (18, 4)
            sq3: HRect (5,5) to (18, 8)


          -sq2-sq0 findTile()---------------------------
 current RECT:
          absStart->abs_iso_y = 11
          absStart->abs_iso_x = 0
          absStart->rows = 4
          absStart->cols = 4
          absStart->abs_iso_y + rows = 15
          absStart->abs_iso_x + cols = 4
          - insideXpixels: hrect.leftBound = 1692    vs   pxPos.x= 1987 vs  hrect.rightBound= 2012
 Yes.
          - insideYpixels: hrect.topBound = 532    vs   pxPos.y= 608 vs  hrect.bottomBound= 692
 Yes.
          - nrTiles: 16



          bruteForceFindTile()------------
           - Current Tile: (11,0)
           - Current Tile: (11,1)
           - Current Tile: (11,2)
           - Current Tile: (11,3)
           - Current Tile: (12,0)
           - Current Tile: (12,1)
           - Current Tile: (12,2)
           - Current Tile: (12,3)
           - Current Tile: (13,0)
           - Current Tile: (13,1)
           - Current Tile: (13,2)
           - Current Tile: (13,3)
           - Current Tile: (14,0)
           - Current Tile: (14,1)
           - Current Tile: (14,2)
           - Current Tile: (14,3)


           -sq2-sq1 findTile()---------------------------
 current RECT:
           absStart->abs_iso_y = 11
           absStart->abs_iso_x = 5
           absStart->rows = 4
           absStart->cols = 3
           absStart->abs_iso_y + rows = 15
           absStart->abs_iso_x + cols = 8
           - insideXpixels: hrect.leftBound = 1692    vs   pxPos.x= 1987 vs  hrect.rightBound= 1980
 No.


            -sq2-sq2 findTile()---------------------------
 current RECT:
            absStart->abs_iso_y = 5
            absStart->abs_iso_x = 0
            absStart->rows = 13
            absStart->cols = 4
            absStart->abs_iso_y + rows = 18
            absStart->abs_iso_x + cols = 4
            - insideXpixels: hrect.leftBound = 1404    vs   pxPos.x= 1987 vs  hrect.rightBound= 2012
 Yes.
            - insideYpixels: hrect.topBound = 532    vs   pxPos.y= 608 vs  hrect.bottomBound= 836
 Yes.
            - nrTiles: 52

            We divide up current relrect to these new 4 squares:
             sq0: HRect (5,0) to (11, 2)
                  sq1: HRect (5,3) to (11, 3)
             sq2: HRect (7,0) to (16, 2)
                  sq3: HRect (7,3) to (16, 3)


                   -sq2-sq2-sq0 findTile()---------------------------
 current RECT:
                   absStart->abs_iso_y = 5
                   absStart->abs_iso_x = 0
                   absStart->rows = 6
                   absStart->cols = 2
                   absStart->abs_iso_y + rows = 11
                   absStart->abs_iso_x + cols = 2
                   - insideXpixels: hrect.leftBound = 1628    vs   pxPos.x= 1987 vs  hrect.rightBound= 1948
 No.


                    -sq2-sq2-sq1 findTile()---------------------------
 current RECT:
                    absStart->abs_iso_y = 5
                    absStart->abs_iso_x = 3
                    absStart->rows = 6
                    absStart->cols = 0
                    absStart->abs_iso_y + rows = 11
                    absStart->abs_iso_x + cols = 3
                    - insideXpixels: hrect.leftBound = 1628    vs   pxPos.x= 1987 vs  hrect.rightBound= 1884
 No.


                     -sq2-sq2-sq2 findTile()---------------------------
 current RECT:
                     absStart->abs_iso_y = 7
                     absStart->abs_iso_x = 0
                     absStart->rows = 9
                     absStart->cols = 2
                     absStart->abs_iso_y + rows = 16
                     absStart->abs_iso_x + cols = 2
                     - insideXpixels: hrect.leftBound = 1532    vs   pxPos.x= 1987 vs  hrect.rightBound= 1948
 No.


                      -sq2-sq2-sq3 findTile()---------------------------
 current RECT:
                      absStart->abs_iso_y = 7
                      absStart->abs_iso_x = 3
                      absStart->rows = 9
                      absStart->cols = 0
                      absStart->abs_iso_y + rows = 16
                      absStart->abs_iso_x + cols = 3
                      - insideXpixels: hrect.leftBound = 1532    vs   pxPos.x= 1987 vs  hrect.rightBound= 1884
 No.


             -sq2-sq3 findTile()---------------------------
 current RECT:
             absStart->abs_iso_y = 5
             absStart->abs_iso_x = 5
             absStart->rows = 13
             absStart->cols = 3
             absStart->abs_iso_y + rows = 18
             absStart->abs_iso_x + cols = 8
             - insideXpixels: hrect.leftBound = 1404    vs   pxPos.x= 1987 vs  hrect.rightBound= 1980
 No.


       -sq3 findTile()---------------------------
 current RECT:
       absStart->abs_iso_y = 11
       absStart->abs_iso_x = 11
       absStart->rows = 8
       absStart->cols = 8
       absStart->abs_iso_y + rows = 19
       absStart->abs_iso_x + cols = 19
       - insideXpixels: hrect.leftBound = 1564    vs   pxPos.x= 1987 vs  hrect.rightBound= 2140
 Yes.
       - insideYpixels: hrect.topBound = 532    vs   pxPos.y= 608 vs  hrect.bottomBound= 820
 Yes.
       - nrTiles: 64

       We divide up current relrect to these new 4 squares:
        sq0: HRect (11,11) to (15, 15)
             sq1: HRect (11,16) to (15, 18)
        sq2: HRect (5,11) to (18, 4)
             sq3: HRect (5,16) to (18, 7)


            -sq3-sq0 findTile()---------------------------
 current RECT:
            absStart->abs_iso_y = 11
            absStart->abs_iso_x = 11
            absStart->rows = 4
            absStart->cols = 4
            absStart->abs_iso_y + rows = 15
            absStart->abs_iso_x + cols = 15
            - insideXpixels: hrect.leftBound = 1692    vs   pxPos.x= 1987 vs  hrect.rightBound= 2012
 Yes.
            - insideYpixels: hrect.topBound = 532    vs   pxPos.y= 608 vs  hrect.bottomBound= 692
 Yes.
            - nrTiles: 16



            bruteForceFindTile()------------
             - Current Tile: (11,11)
             - Current Tile: (11,12)
             - Current Tile: (11,13)
             - Current Tile: (11,14)
             - Current Tile: (12,11)
             - Current Tile: (12,12)
             - Current Tile: (12,13)
             - Current Tile: (12,14)
             - Current Tile: (13,11)
             - Current Tile: (13,12)
             - Current Tile: (13,13)
             - Current Tile: (13,14)
             - Current Tile: (14,11)
             - Current Tile: (14,12)
             - Current Tile: (14,13)
             - Current Tile: (14,14)