c:\github\hurkalumo\hurka_vs\hurka_vs\debug\vc143.pdb
c:\github\hurkalumo\hurka_vs\hurka_vs\debug\vc143.idb
c:\github\hurkalumo\hurka_vs\hurka_vs\debug\slotpath.obj
c:\github\hurkalumo\hurka_vs\hurka_vs\debug\roadnetwork.obj
c:\github\hurkalumo\hurka_vs\hurka_vs\debug\node.obj
c:\github\hurkalumo\hurka_vs\hurka_vs\debug\main.obj
c:\github\hurkalumo\hurka_vs\hurka_vs\debug\locomotive.obj
c:\github\hurkalumo\hurka_vs\hurka_vs\debug\link.obj
c:\github\hurkalumo\hurka_vs\hurka_vs\debug\hurkamatrix.obj
c:\github\hurkalumo\hurka_vs\hurka_vs\debug\hurkamap.obj
c:\github\hurkalumo\hurka_vs\hurka_vs\debug\hrect.obj
c:\github\hurkalumo\hurka_vs\hurka_vs\debug\hpos.obj
c:\github\hurkalumo\hurka_vs\hurka_vs\debug\grid.obj
c:\github\hurkalumo\hurka_vs\hurka_vs\debug\graph.obj
c:\github\hurkalumo\hurka_vs\hurka_vs\debug\gamematrix.obj
c:\github\hurkalumo\hurka_vs\hurka_vs\debug\filemanager.obj
c:\github\hurkalumo\hurka_vs\hurka_vs\debug\dijkstra.obj
c:\github\hurkalumo\hurka_vs\hurka_vs\debug\core.obj
c:\github\hurkalumo\hurka_vs\hurka_vs\debug\busroute.obj
c:\github\hurkalumo\hurka_vs\hurka_vs\debug\bus.obj
c:\github\hurkalumo\hurka_vs\hurka_vs\debug\block.obj
c:\github\hurkalumo\hurka_vs\hurka_vs\debug\binarysearchtree.obj
c:\github\hurkalumo\hurka_vs\hurka_vs\debug\utils.obj
c:\github\hurkalumo\hurka_vs\hurka_vs\debug\trafficmanager.obj
c:\github\hurkalumo\hurka_vs\hurka_vs\debug\toolbar.obj
c:\github\hurkalumo\hurka_vs\hurka_vs\debug\slotpos.obj
c:\github\hurkalumo\hurka_vs\debug\hurka_vs.pdb
c:\github\hurkalumo\hurka_vs\hurka_vs\debug\hurka_vs.tlog\cl.command.1.tlog
c:\github\hurkalumo\hurka_vs\hurka_vs\debug\hurka_vs.tlog\cl.read.1.tlog
c:\github\hurkalumo\hurka_vs\hurka_vs\debug\hurka_vs.tlog\cl.write.1.tlog
c:\github\hurkalumo\hurka_vs\hurka_vs\debug\hurka_vs.tlog\link-cvtres.read.1.tlog
c:\github\hurkalumo\hurka_vs\hurka_vs\debug\hurka_vs.tlog\link-cvtres.write.1.tlog
c:\github\hurkalumo\hurka_vs\hurka_vs\debug\hurka_vs.tlog\link-rc.read.1.tlog
c:\github\hurkalumo\hurka_vs\hurka_vs\debug\hurka_vs.tlog\link-rc.write.1.tlog
c:\github\hurkalumo\hurka_vs\hurka_vs\debug\hurka_vs.tlog\link.command.1.tlog
c:\github\hurkalumo\hurka_vs\hurka_vs\debug\hurka_vs.tlog\link.read.1.tlog
c:\github\hurkalumo\hurka_vs\hurka_vs\debug\hurka_vs.tlog\link.write.1.tlog
